g:\users\alexandre\most recent levelup\working version\level up\level up frame\release\level up frame.pch
g:\users\alexandre\most recent levelup\working version\level up\level up frame\release\vc120.pdb
g:\users\alexandre\most recent levelup\working version\level up\level up frame\release\stdafx.obj
g:\users\alexandre\most recent levelup\working version\level up\level up frame\release\movementkeycontroller.obj
g:\users\alexandre\most recent levelup\working version\level up\level up frame\release\mousecontroller.obj
g:\users\alexandre\most recent levelup\working version\level up\level up frame\release\model.obj
g:\users\alexandre\most recent levelup\working version\level up\level up frame\release\mvccontainer.obj
g:\users\alexandre\most recent levelup\working version\level up\level up frame\release\keycontroller.obj
g:\users\alexandre\most recent levelup\working version\level up\level up frame\release\controller.obj
g:\users\alexandre\most recent levelup\working version\level up\level up frame\release\stopwatch.obj
g:\users\alexandre\most recent levelup\working version\level up\level up frame\release\countdown.obj
g:\users\alexandre\most recent levelup\working version\level up\level up frame\release\eventhandler.obj
g:\users\alexandre\most recent levelup\working version\level up\level up frame\release\eventdispatcher.obj
g:\users\alexandre\most recent levelup\working version\level up\level up frame\release\entity.obj
g:\users\alexandre\most recent levelup\working version\level up\level up frame\release\component.obj
g:\users\alexandre\most recent levelup\working version\level up\level up frame\release\command.obj
g:\users\alexandre\most recent levelup\working version\level up\level up frame\release\baselevelobject.obj
g:\users\alexandre\most recent levelup\working version\level up\level up frame\release\renderengine.obj
g:\users\alexandre\most recent levelup\working version\level up\level up frame\release\performancecounter.obj
g:\users\alexandre\most recent levelup\working version\level up\level up frame\release\gamesprite.obj
g:\users\alexandre\most recent levelup\working version\level up\level up frame\release\dx11base.obj
g:\users\alexandre\most recent levelup\working version\level up\level up frame\release\directxviewport.obj
g:\users\alexandre\most recent levelup\working version\level up\level up frame\release\gameobject.obj
g:\users\alexandre\most recent levelup\working version\level up\level up frame\release\main.obj
g:\users\alexandre\most recent levelup\working version\level up\level up frame\release\trackingcamera.obj
g:\users\alexandre\most recent levelup\working version\level up\level up frame\release\camera.obj
g:\users\alexandre\most recent levelup\working version\level up\level up frame\release\windowscreen.obj
g:\users\alexandre\most recent levelup\working version\level up\level up frame\release\servicelocator.obj
g:\users\alexandre\most recent levelup\working version\level up\level up frame\release\directxmatrixcontainer.obj
g:\users\alexandre\most recent levelup\working version\level up\level up frame\release\mathfunctions.obj
g:\users\alexandre\most recent levelup\working version\level up\level up frame\release\directxmathadapter.obj
g:\users\alexandre\most recent levelup\working version\level up\level up frame\release\datatypes.obj
g:\users\alexandre\most recent levelup\working version\level up\level up frame\release\movementlevelobject.obj
g:\users\alexandre\most recent levelup\working version\level up\level up frame\release\sprite.obj
g:\users\alexandre\most recent levelup\working version\level up\level up frame\release\rectangle.obj
g:\users\alexandre\most recent levelup\working version\level up\level up frame\release\game.obj
g:\users\alexandre\most recent levelup\working version\level up\level up frame\release\theengine.obj
g:\users\alexandre\most recent levelup\working version\level up\level up frame\release\scenemanager.obj
g:\users\alexandre\most recent levelup\working version\level up\level up frame\release\scene.obj
g:\users\alexandre\most recent levelup\working version\level up\level up frame\release\view.obj
g:\users\alexandre\most recent levelup\working version\level up\level up frame\release\timercontroller.obj
g:\users\alexandre\most recent levelup\working version\level up\level up frame\release\movementspriteview.obj
g:\users\alexandre\most recent levelup\working version\level up\level up frame\release\movementmodel.obj
g:\users\alexandre\most recent levelup\working version\level up\level up frame\release\system.obj
g:\users\alexandre\most recent levelup\branch version\level up\level up frame\release\level up frame.pch
g:\users\alexandre\most recent levelup\branch version\level up\level up frame\release\vc120.pdb
g:\users\alexandre\most recent levelup\branch version\level up\level up frame\release\stdafx.obj
g:\users\alexandre\most recent levelup\branch version\level up\level up frame\release\movementkeycontroller.obj
g:\users\alexandre\most recent levelup\branch version\level up\level up frame\release\mousecontroller.obj
g:\users\alexandre\most recent levelup\branch version\level up\level up frame\release\model.obj
g:\users\alexandre\most recent levelup\branch version\level up\level up frame\release\keycontroller.obj
g:\users\alexandre\most recent levelup\branch version\level up\level up frame\release\controller.obj
g:\users\alexandre\most recent levelup\branch version\level up\level up frame\release\stopwatch.obj
g:\users\alexandre\most recent levelup\branch version\level up\level up frame\release\countdown.obj
g:\users\alexandre\most recent levelup\branch version\level up\level up frame\release\eventhandler.obj
g:\users\alexandre\most recent levelup\branch version\level up\level up frame\release\eventdispatcher.obj
g:\users\alexandre\most recent levelup\branch version\level up\level up frame\release\system.obj
g:\users\alexandre\most recent levelup\branch version\level up\level up frame\release\entity.obj
g:\users\alexandre\most recent levelup\branch version\level up\level up frame\release\component.obj
g:\users\alexandre\most recent levelup\branch version\level up\level up frame\release\command.obj
g:\users\alexandre\most recent levelup\branch version\level up\level up frame\release\baselevelobject.obj
g:\users\alexandre\most recent levelup\branch version\level up\level up frame\release\performancecounter.obj
g:\users\alexandre\most recent levelup\branch version\level up\level up frame\release\renderengine.obj
g:\users\alexandre\most recent levelup\branch version\level up\level up frame\release\gamesprite.obj
g:\users\alexandre\most recent levelup\branch version\level up\level up frame\release\dx11base.obj
g:\users\alexandre\most recent levelup\branch version\level up\level up frame\release\directxviewport.obj
g:\users\alexandre\most recent levelup\branch version\level up\level up frame\release\gameobject.obj
g:\users\alexandre\most recent levelup\branch version\level up\level up frame\release\trackingcamera.obj
g:\users\alexandre\most recent levelup\branch version\level up\level up frame\release\camera.obj
g:\users\alexandre\most recent levelup\branch version\level up\level up frame\release\windowscreen.obj
g:\users\alexandre\most recent levelup\branch version\level up\level up frame\release\servicelocator.obj
g:\users\alexandre\most recent levelup\branch version\level up\level up frame\release\directxmatrixcontainer.obj
g:\users\alexandre\most recent levelup\branch version\level up\level up frame\release\mathfunctions.obj
g:\users\alexandre\most recent levelup\branch version\level up\level up frame\release\directxmathadapter.obj
g:\users\alexandre\most recent levelup\branch version\level up\level up frame\release\datatypes.obj
g:\users\alexandre\most recent levelup\branch version\level up\level up frame\release\movementlevelobject.obj
g:\users\alexandre\most recent levelup\branch version\level up\level up frame\release\sprite.obj
g:\users\alexandre\most recent levelup\branch version\level up\level up frame\release\rectangle.obj
g:\users\alexandre\most recent levelup\branch version\level up\level up frame\release\game.obj
g:\users\alexandre\most recent levelup\branch version\level up\level up frame\release\theengine.obj
g:\users\alexandre\most recent levelup\branch version\level up\level up frame\release\scenemanager.obj
g:\users\alexandre\most recent levelup\branch version\level up\level up frame\release\scene.obj
g:\users\alexandre\most recent levelup\branch version\level up\level up frame\release\view.obj
g:\users\alexandre\most recent levelup\branch version\level up\level up frame\release\timercontroller.obj
g:\users\alexandre\most recent levelup\branch version\level up\level up frame\release\movementspriteview.obj
g:\users\alexandre\most recent levelup\branch version\level up\level up frame\release\movementmodel.obj
g:\users\alexandre\most recent levelup\branch version\level up\level up frame\release\mvccontainer.obj
g:\users\alexandre\most recent levelup\branch version\level up\level up frame\release\main.obj
g:\users\alexandre\most recent levelup\branch version\level up\level up frame\release\keys.obj
g:\users\alexandre\most recent levelup\working version\level up\release\level up frame.exe
g:\users\alexandre\most recent levelup\working version\level up\release\level up frame.pdb
g:\users\alexandre\most recent levelup\branch version\level up\release\level up frame.exe
g:\users\alexandre\most recent levelup\branch version\level up\release\level up frame.pdb
g:\users\alexandre\most recent levelup\branch version\level up\level up frame\release\level up frame.tlog\cl.command.1.tlog
g:\users\alexandre\most recent levelup\branch version\level up\level up frame\release\level up frame.tlog\cl.read.1.tlog
g:\users\alexandre\most recent levelup\branch version\level up\level up frame\release\level up frame.tlog\cl.write.1.tlog
g:\users\alexandre\most recent levelup\branch version\level up\level up frame\release\level up frame.tlog\link.command.1.tlog
g:\users\alexandre\most recent levelup\branch version\level up\level up frame\release\level up frame.tlog\link.read.1.tlog
g:\users\alexandre\most recent levelup\branch version\level up\level up frame\release\level up frame.tlog\link.write.1.tlog
