c:\users\alex\documents\alex\programming\c++\levelup engine\branch version\level up\level up frame\debug\level up frame.pch
c:\users\alex\documents\alex\programming\c++\levelup engine\branch version\level up\level up frame\debug\vc120.pdb
c:\users\alex\documents\alex\programming\c++\levelup engine\branch version\level up\level up frame\debug\vc120.idb
c:\users\alex\documents\alex\programming\c++\levelup engine\branch version\level up\level up frame\debug\stdafx.obj
c:\users\alex\documents\alex\programming\c++\levelup engine\branch version\level up\level up frame\debug\viewshape.obj
c:\users\alex\documents\alex\programming\c++\levelup engine\branch version\level up\level up frame\debug\datatypes.obj
c:\users\alex\documents\alex\programming\c++\levelup engine\branch version\level up\level up frame\debug\directxmathadapter.obj
c:\users\alex\documents\alex\programming\c++\levelup engine\branch version\level up\level up frame\debug\mathfunctions.obj
c:\users\alex\documents\alex\programming\c++\levelup engine\branch version\level up\level up frame\debug\directxmatrixcontainer.obj
c:\users\alex\documents\alex\programming\c++\levelup engine\branch version\level up\level up frame\debug\servicelocator.obj
c:\users\alex\documents\alex\programming\c++\levelup engine\branch version\level up\level up frame\debug\windowscreen.obj
c:\users\alex\documents\alex\programming\c++\levelup engine\branch version\level up\level up frame\debug\camera.obj
c:\users\alex\documents\alex\programming\c++\levelup engine\branch version\level up\level up frame\debug\trackingcamera.obj
c:\users\alex\documents\alex\programming\c++\levelup engine\branch version\level up\level up frame\debug\game.obj
c:\users\alex\documents\alex\programming\c++\levelup engine\branch version\level up\level up frame\debug\collisionattribute.obj
c:\users\alex\documents\alex\programming\c++\levelup engine\branch version\level up\level up frame\debug\particle.obj
c:\users\alex\documents\alex\programming\c++\levelup engine\branch version\level up\level up frame\debug\particlecomponent.obj
c:\users\alex\documents\alex\programming\c++\levelup engine\branch version\level up\level up frame\debug\particlesystem.obj
c:\users\alex\documents\alex\programming\c++\levelup engine\branch version\level up\level up frame\debug\movementkeycontroller.obj
c:\users\alex\documents\alex\programming\c++\levelup engine\branch version\level up\level up frame\debug\movementlevelobject.obj
c:\users\alex\documents\alex\programming\c++\levelup engine\branch version\level up\level up frame\debug\movementmodel.obj
c:\users\alex\documents\alex\programming\c++\levelup engine\branch version\level up\level up frame\debug\movementspriteview.obj
c:\users\alex\documents\alex\programming\c++\levelup engine\branch version\level up\level up frame\debug\playground.obj
c:\users\alex\documents\alex\programming\c++\levelup engine\branch version\level up\level up frame\debug\main.obj
c:\users\alex\documents\alex\programming\c++\levelup engine\branch version\level up\level up frame\debug\mousecontroller.obj
c:\users\alex\documents\alex\programming\c++\levelup engine\branch version\level up\level up frame\debug\mvccontainer.obj
c:\users\alex\documents\alex\programming\c++\levelup engine\branch version\level up\level up frame\debug\timercontroller.obj
c:\users\alex\documents\alex\programming\c++\levelup engine\branch version\level up\level up frame\debug\view.obj
c:\users\alex\documents\alex\programming\c++\levelup engine\branch version\level up\level up frame\debug\scene.obj
c:\users\alex\documents\alex\programming\c++\levelup engine\branch version\level up\level up frame\debug\scenemanager.obj
c:\users\alex\documents\alex\programming\c++\levelup engine\branch version\level up\level up frame\debug\theengine.obj
c:\users\alex\documents\alex\programming\c++\levelup engine\branch version\level up\level up frame\debug\keys.obj
c:\users\alex\documents\alex\programming\c++\levelup engine\branch version\level up\level up frame\debug\itextfilestream.obj
c:\users\alex\documents\alex\programming\c++\levelup engine\branch version\level up\level up frame\debug\otextfilestream.obj
c:\users\alex\documents\alex\programming\c++\levelup engine\branch version\level up\level up frame\debug\textfilestream.obj
c:\users\alex\documents\alex\programming\c++\levelup engine\branch version\level up\level up frame\debug\animatedsprite.obj
c:\users\alex\documents\alex\programming\c++\levelup engine\branch version\level up\level up frame\debug\circle.obj
c:\users\alex\documents\alex\programming\c++\levelup engine\branch version\level up\level up frame\debug\color.obj
c:\users\alex\documents\alex\programming\c++\levelup engine\branch version\level up\level up frame\debug\pixelshader.obj
c:\users\alex\documents\alex\programming\c++\levelup engine\branch version\level up\level up frame\debug\rectangle.obj
c:\users\alex\documents\alex\programming\c++\levelup engine\branch version\level up\level up frame\debug\renderobject.obj
c:\users\alex\documents\alex\programming\c++\levelup engine\branch version\level up\level up frame\debug\shape.obj
c:\users\alex\documents\alex\programming\c++\levelup engine\branch version\level up\level up frame\debug\sprite.obj
c:\users\alex\documents\alex\programming\c++\levelup engine\branch version\level up\level up frame\debug\vertexshader.obj
c:\users\alex\documents\alex\programming\c++\levelup engine\branch version\level up\level up frame\debug\performancecounter.obj
c:\users\alex\documents\alex\programming\c++\levelup engine\branch version\level up\level up frame\debug\renderengine.obj
c:\users\alex\documents\alex\programming\c++\levelup engine\branch version\level up\level up frame\debug\agent.obj
c:\users\alex\documents\alex\programming\c++\levelup engine\branch version\level up\level up frame\debug\attributes.obj
c:\users\alex\documents\alex\programming\c++\levelup engine\branch version\level up\level up frame\debug\baselevelobject.obj
c:\users\alex\documents\alex\programming\c++\levelup engine\branch version\level up\level up frame\debug\basemvcobject.obj
c:\users\alex\documents\alex\programming\c++\levelup engine\branch version\level up\level up frame\debug\gameobject.obj
c:\users\alex\documents\alex\programming\c++\levelup engine\branch version\level up\level up frame\debug\cameraresizecommand.obj
c:\users\alex\documents\alex\programming\c++\levelup engine\branch version\level up\level up frame\debug\command.obj
c:\users\alex\documents\alex\programming\c++\levelup engine\branch version\level up\level up frame\debug\component.obj
c:\users\alex\documents\alex\programming\c++\levelup engine\branch version\level up\level up frame\debug\entity.obj
c:\users\alex\documents\alex\programming\c++\levelup engine\branch version\level up\level up frame\debug\system.obj
c:\users\alex\documents\alex\programming\c++\levelup engine\branch version\level up\level up frame\debug\systemcontainer.obj
c:\users\alex\documents\alex\programming\c++\levelup engine\branch version\level up\level up frame\debug\eventdispatcher.obj
c:\users\alex\documents\alex\programming\c++\levelup engine\branch version\level up\level up frame\debug\eventhandler.obj
c:\users\alex\documents\alex\programming\c++\levelup engine\branch version\level up\level up frame\debug\countdown.obj
c:\users\alex\documents\alex\programming\c++\levelup engine\branch version\level up\level up frame\debug\stopwatch.obj
c:\users\alex\documents\alex\programming\c++\levelup engine\branch version\level up\level up frame\debug\controller.obj
c:\users\alex\documents\alex\programming\c++\levelup engine\branch version\level up\level up frame\debug\keycontroller.obj
c:\users\alex\documents\alex\programming\c++\levelup engine\branch version\level up\level up frame\debug\model.obj
c:\users\alex\documents\alex\programming\c++\levelup engine\branch version\level up\level up frame\debug\audio.obj
c:\users\alex\documents\alex\programming\c++\levelup engine\branch version\level up\level up frame\debug\listener.obj
c:\users\alex\documents\alex\programming\c++\levelup engine\branch version\level up\level up frame\debug\music.obj
c:\users\alex\documents\alex\programming\c++\levelup engine\branch version\level up\level up frame\debug\soundeffect.obj
c:\users\alex\documents\alex\programming\c++\levelup engine\branch version\level up\level up frame\debug\directxviewport.obj
c:\users\alex\documents\alex\programming\c++\levelup engine\branch version\level up\level up frame\debug\dx11base.obj
c:\users\alex\documents\alex\programming\c++\levelup engine\branch version\level up\level up frame\debug\gamesprite.obj
c:\users\alex\documents\alex\programming\c++\levelup engine\branch version\level up\level up frame\debug\texturemanager.obj
c:\users\alex\documents\alex\programming\c++\levelup engine\branch version\level up\level up frame\debug\date.obj
c:\users\alex\documents\alex\programming\c++\levelup engine\branch version\level up\level up frame\debug\logger.obj
c:\users\alex\documents\alex\programming\c++\levelup engine\branch version\level up\debug\level up frame.ilk
c:\users\alex\documents\alex\programming\c++\levelup engine\branch version\level up\debug\level up frame.exe
c:\users\alex\documents\alex\programming\c++\levelup engine\branch version\level up\debug\level up frame.pdb
c:\users\alex\documents\alex\programming\c++\levelup engine\branch version\level up\level up frame\debug\level up frame.tlog\cl.command.1.tlog
c:\users\alex\documents\alex\programming\c++\levelup engine\branch version\level up\level up frame\debug\level up frame.tlog\cl.read.1.tlog
c:\users\alex\documents\alex\programming\c++\levelup engine\branch version\level up\level up frame\debug\level up frame.tlog\cl.write.1.tlog
c:\users\alex\documents\alex\programming\c++\levelup engine\branch version\level up\level up frame\debug\level up frame.tlog\link-cvtres.read.1.tlog
c:\users\alex\documents\alex\programming\c++\levelup engine\branch version\level up\level up frame\debug\level up frame.tlog\link-cvtres.write.1.tlog
c:\users\alex\documents\alex\programming\c++\levelup engine\branch version\level up\level up frame\debug\level up frame.tlog\link-rc.read.1.tlog
c:\users\alex\documents\alex\programming\c++\levelup engine\branch version\level up\level up frame\debug\level up frame.tlog\link-rc.write.1.tlog
c:\users\alex\documents\alex\programming\c++\levelup engine\branch version\level up\level up frame\debug\level up frame.tlog\link.9728-cvtres.read.1.tlog
c:\users\alex\documents\alex\programming\c++\levelup engine\branch version\level up\level up frame\debug\level up frame.tlog\link.9728-cvtres.write.1.tlog
c:\users\alex\documents\alex\programming\c++\levelup engine\branch version\level up\level up frame\debug\level up frame.tlog\link.9728-rc.read.1.tlog
c:\users\alex\documents\alex\programming\c++\levelup engine\branch version\level up\level up frame\debug\level up frame.tlog\link.9728-rc.write.1.tlog
c:\users\alex\documents\alex\programming\c++\levelup engine\branch version\level up\level up frame\debug\level up frame.tlog\link.9728.read.1.tlog
c:\users\alex\documents\alex\programming\c++\levelup engine\branch version\level up\level up frame\debug\level up frame.tlog\link.9728.write.1.tlog
c:\users\alex\documents\alex\programming\c++\levelup engine\branch version\level up\level up frame\debug\level up frame.tlog\link.command.1.tlog
c:\users\alex\documents\alex\programming\c++\levelup engine\branch version\level up\level up frame\debug\level up frame.tlog\link.read.1.tlog
c:\users\alex\documents\alex\programming\c++\levelup engine\branch version\level up\level up frame\debug\level up frame.tlog\link.write.1.tlog
