Build started 2015-05-01 10:13:36 AM.
     1>Project "C:\Users\Alex\Documents\Alex\Programming\C++\LevelUp Engine\Branch Version\Level Up\Level Up Frame\Level Up Frame.vcxproj" on node 2 (Build target(s)).
     1>ClCompile:
         C:\Program Files\Microsoft Visual Studio 12.0\VC\bin\CL.exe /c /I"C:\Users\Alex\Documents\Alex\Programming\C++\LevelUp Engine\Branch Version\Level Up\packages\directxtk_desktop_2013.2015.2.25.1\build\native\../../build/native/include/" /ZI /nologo /W3 /WX- /sdl /Od /Oy- /D HAS_DIRECTXTK /D WIN32 /D _DEBUG /D _WINDOWS /D _UNICODE /D UNICODE /Gm /EHsc /RTC1 /MDd /GS /fp:precise /Zc:wchar_t /Zc:forScope /Yu"stdafx.h" /Fp"Debug\Level Up Frame.pch" /Fo"Debug\\" /Fd"Debug\vc120.pdb" /Gd /TP /FIstdafx.h /analyze- /errorReport:prompt ..\Developer\Engine\Attributes\Attributes.cpp "..\Game Builder\Game\Game.cpp" "..\Game Builder\Prebuilt Objects\Attributes\CollisionAttribute.cpp"
         CollisionAttribute.cpp
         Attributes.cpp
         Generating Code...
         Compiling...
         Game.cpp
         Generating Code...
       Link:
         C:\Program Files\Microsoft Visual Studio 12.0\VC\bin\link.exe /ERRORREPORT:PROMPT /OUT:"C:\Users\Alex\Documents\Alex\Programming\C++\LevelUp Engine\Branch Version\Level Up\Debug\Level Up Frame.exe" /INCREMENTAL /NOLOGO "C:\Users\Alex\Documents\Alex\Programming\C++\LevelUp Engine\Branch Version\Level Up\packages\directxtk_desktop_2013.2015.2.25.1\build\native\../../build/native/lib/Win32/Debug/DirectXTKAudioDX.lib" "C:\Users\Alex\Documents\Alex\Programming\C++\LevelUp Engine\Branch Version\Level Up\packages\directxtk_desktop_2013.2015.2.25.1\build\native\../../build/native/lib/Win32/Debug/DirectXTK.lib" D3D11.lib D3DCompiler.lib kernel32.lib user32.lib gdi32.lib winspool.lib comdlg32.lib advapi32.lib shell32.lib ole32.lib oleaut32.lib uuid.lib odbc32.lib odbccp32.lib /MANIFEST /MANIFESTUAC:"level='asInvoker' uiAccess='false'" /manifest:embed /DEBUG /PDB:"C:\Users\Alex\Documents\Alex\Programming\C++\LevelUp Engine\Branch Version\Level Up\Debug\Level Up Frame.pdb" /SUBSYSTEM:WINDOWS /TLBID:1 /DYNAMICBASE /NXCOMPAT /IMPLIB:"C:\Users\Alex\Documents\Alex\Programming\C++\LevelUp Engine\Branch Version\Level Up\Debug\Level Up Frame.lib" /MACHINE:X86 Debug\DirectXViewport.obj
         Debug\Dx11Base.obj
         Debug\GameSprite.obj
         Debug\PerformanceCounter.obj
         Debug\RenderEngine.obj
         Debug\stdafx.obj
         Debug\TheGameBase.obj
         Debug\Agent.obj
         Debug\Attributes.obj
         Debug\BaseLevelObject.obj
         Debug\BaseMVCObject.obj
         Debug\GameObject.obj
         Debug\Command.obj
         Debug\Component.obj
         Debug\Entity.obj
         Debug\System.obj
         Debug\SystemContainer.obj
         Debug\EventDispatcher.obj
         Debug\EventHandler.obj
         Debug\CountDown.obj
         Debug\StopWatch.obj
         Debug\Controller.obj
         Debug\KeyController.obj
         Debug\Model.obj
         Debug\MouseController.obj
         Debug\MovementKeyController.obj
         Debug\MovementModel.obj
         Debug\MovementSpriteView.obj
         Debug\MVCContainer.obj
         Debug\TimerController.obj
         Debug\View.obj
         Debug\Scene.obj
         Debug\SceneManager.obj
         Debug\TheEngine.obj
         Debug\Keys.obj
         Debug\Color.obj
         Debug\Rectangle.obj
         Debug\Sprite.obj
         Debug\DataTypes.obj
         Debug\DirectXMathAdapter.obj
         Debug\MathFunctions.obj
         Debug\DirectXMatrixContainer.obj
         Debug\ServiceLocator.obj
         Debug\WindowScreen.obj
         Debug\Camera.obj
         Debug\TrackingCamera.obj
         Debug\Game.obj
         Debug\CollisionAttribute.obj
         Debug\Particle.obj
         Debug\ParticleComponent.obj
         Debug\ParticleSystem.obj
         Debug\MovementLevelObject.obj
         Debug\Playground.obj
         Debug\main.obj
         Level Up Frame.vcxproj -> C:\Users\Alex\Documents\Alex\Programming\C++\LevelUp Engine\Branch Version\Level Up\Debug\Level Up Frame.exe
     1>Done Building Project "C:\Users\Alex\Documents\Alex\Programming\C++\LevelUp Engine\Branch Version\Level Up\Level Up Frame\Level Up Frame.vcxproj" (Build target(s)).

Build succeeded.

Time Elapsed 00:00:02.60
